Reading parm file (/home/spine/DProjects/Dprograms_and_tests/Damber_gaff/gaff_script_nab/preprocessing/cb7/cb7.prmtop)
title:
CB7                                                                             
	mm_options:  ntpr=50
	mm_options:  nsnb=99999
	mm_options:  gb=1
	mm_options:  gbsa=1
	mm_options:  cut=999.0
	mm_options:  rgbmax=999.0
	mm_options:  diel=C
	mm_options:  dielc=1.0
      iter    Total       bad      vdW     elect   nonpolar   genBorn      frms
ff:     0     -6.43    228.50    -47.47   -136.00      3.46    -54.92  3.73e-01
ff:    50     -6.44    228.49    -47.47   -136.00      3.46    -54.92  1.39e-03
ff:   100     -6.44    228.49    -47.47   -136.00      3.46    -54.92  4.44e-04
ff:   150     -6.44    228.49    -47.47   -136.00      3.46    -54.92  4.05e-04
ff:   200     -6.44    228.49    -47.47   -136.00      3.46    -54.92  1.75e-04
ff:   250     -6.44    228.49    -47.47   -136.00      3.46    -54.92  1.27e-04
	mm_options:  ntpr=1
ff:     1     -6.44    228.49    -47.47   -136.00      3.46    -54.92  8.11e-05
      iter    Total       bad      vdW     elect   nonpolar   genBorn      frms
ff:     1     -9.90    228.49    -47.47   -136.00      0.00    -54.92  1.46e-02
 adding    0.00000 to diagonal of the hessian
rms of search direction:  0.0004646
For alpha =    0.00000 energy =        -6.4406096786
For alpha =    1.00000 energy =        -6.4401378286
For alpha =    0.00008 energy =        -6.4406096786
ff:     2     -6.44    228.49    -47.47   -136.00      3.46    -54.92  8.12e-05
ff:     2     -9.90    228.49    -47.47   -136.00      0.00    -54.92  1.46e-02
 adding    0.00000 to diagonal of the hessian
rms of search direction:  0.0004646
For alpha =    0.00000 energy =        -6.4406096786
For alpha =    1.00000 energy =        -6.4401378287
For alpha =    0.00008 energy =        -6.4406096786
ff:     3     -6.44    228.49    -47.47   -136.00      3.46    -54.92  8.13e-05
ff:     3     -9.90    228.49    -47.47   -136.00      0.00    -54.92  1.46e-02
 adding    0.00000 to diagonal of the hessian
rms of search direction:  0.0004646
For alpha =    0.00000 energy =        -6.4406096786
For alpha =    1.00000 energy =        -6.4401378288
For alpha =    0.00008 energy =        -6.4406096785
ff:     4     -6.44    228.49    -47.47   -136.00      3.46    -54.92  8.14e-05
ff:     4     -9.90    228.49    -47.47   -136.00      0.00    -54.92  1.46e-02
 adding    0.00000 to diagonal of the hessian
rms of search direction:  0.0004645
For alpha =    0.00000 energy =        -6.4406096785
For alpha =    1.00000 energy =        -6.4401378289
For alpha =    0.00008 energy =        -6.4406096785
ff:     5     -6.44    228.49    -47.47   -136.00      3.46    -54.92  8.15e-05
ff:     5     -9.90    228.49    -47.47   -136.00      0.00    -54.92  1.46e-02
 adding    0.00000 to diagonal of the hessian
rms of search direction:  0.0004645
For alpha =    0.00000 energy =        -6.4406096785
For alpha =    1.00000 energy =        -6.4401378290
For alpha =    0.00008 energy =        -6.4406096785
ff:     6     -6.44    228.49    -47.47   -136.00      3.46    -54.92  8.16e-05
ff:     6     -9.90    228.49    -47.47   -136.00      0.00    -54.92  1.46e-02
 adding    0.00000 to diagonal of the hessian
rms of search direction:  0.0004644
For alpha =    0.00000 energy =        -6.4406096785
For alpha =    1.00000 energy =        -6.4401378291
For alpha =    0.00008 energy =        -6.4406096784
ff:     7     -6.44    228.49    -47.47   -136.00      3.46    -54.92  8.17e-05
ff:     7     -9.90    228.49    -47.47   -136.00      0.00    -54.92  1.46e-02
 adding    0.00000 to diagonal of the hessian
rms of search direction:  0.0004644
For alpha =    0.00000 energy =        -6.4406096784
For alpha =    1.00000 energy =        -6.4401378292
For alpha =    0.00008 energy =        -6.4406096784
ff:     8     -6.44    228.49    -47.47   -136.00      3.46    -54.92  8.19e-05
ff:     8     -9.90    228.49    -47.47   -136.00      0.00    -54.92  1.46e-02
 adding    0.00000 to diagonal of the hessian
rms of search direction:  0.0004644
For alpha =    0.00000 energy =        -6.4406096784
For alpha =    1.00000 energy =        -6.4401378293
For alpha =    0.00008 energy =        -6.4406096783
ff:     9     -6.44    228.49    -47.47   -136.00      3.46    -54.92  8.21e-05
ff:     9     -9.90    228.49    -47.47   -136.00      0.00    -54.92  1.46e-02
 adding    0.00000 to diagonal of the hessian
rms of search direction:  0.0004643
For alpha =    0.00000 energy =        -6.4406096783
For alpha =    1.00000 energy =        -6.4401378294
For alpha =    0.00008 energy =        -6.4406096783
ff:    10     -6.44    228.49    -47.47   -136.00      3.46    -54.92  8.22e-05
ff:    10     -9.90    228.49    -47.47   -136.00      0.00    -54.92  1.46e-02
 adding    0.00000 to diagonal of the hessian
rms of search direction:  0.0004643
For alpha =    0.00000 energy =        -6.4406096783
For alpha =    1.00000 energy =        -6.4401378295
For alpha =    0.00008 energy =        -6.4406096782
ff:    11     -6.44    228.49    -47.47   -136.00      3.46    -54.92  8.24e-05
ff:    11     -9.90    228.49    -47.47   -136.00      0.00    -54.92  1.46e-02
 adding    0.00000 to diagonal of the hessian
rms of search direction:  0.0004643
For alpha =    0.00000 energy =        -6.4406096782
For alpha =    1.00000 energy =        -6.4401378296
For alpha =    0.00008 energy =        -6.4406096781
ff:    12     -6.44    228.49    -47.47   -136.00      3.46    -54.92  8.26e-05
ff:    12     -9.90    228.49    -47.47   -136.00      0.00    -54.92  1.46e-02
 adding    0.00000 to diagonal of the hessian
rms of search direction:  0.0004642
For alpha =    0.00000 energy =        -6.4406096781
For alpha =    1.00000 energy =        -6.4401378297
For alpha =    0.00008 energy =        -6.4406096780
ff:    13     -6.44    228.49    -47.47   -136.00      3.46    -54.92  8.29e-05
ff:    13     -9.90    228.49    -47.47   -136.00      0.00    -54.92  1.46e-02
 adding    0.00000 to diagonal of the hessian
rms of search direction:  0.0004642
For alpha =    0.00000 energy =        -6.4406096780
For alpha =    1.00000 energy =        -6.4401378298
For alpha =    0.00008 energy =        -6.4406096780
ff:    14     -6.44    228.49    -47.47   -136.00      3.46    -54.92  8.31e-05
ff:    14     -9.90    228.49    -47.47   -136.00      0.00    -54.92  1.46e-02
 adding    0.00000 to diagonal of the hessian
rms of search direction:  0.0004642
For alpha =    0.00000 energy =        -6.4406096780
For alpha =    1.00000 energy =        -6.4401378299
For alpha =    0.00008 energy =        -6.4406096779
ff:    15     -6.44    228.49    -47.47   -136.00      3.46    -54.92  8.33e-05
ff:    15     -9.90    228.49    -47.47   -136.00      0.00    -54.92  1.46e-02
 adding    0.00000 to diagonal of the hessian
rms of search direction:  0.0004641
For alpha =    0.00000 energy =        -6.4406096779
For alpha =    1.00000 energy =        -6.4401378300
For alpha =    0.00008 energy =        -6.4406096778
ff:    16     -6.44    228.49    -47.47   -136.00      3.46    -54.92  8.36e-05
ff:    16     -9.90    228.49    -47.47   -136.00      0.00    -54.92  1.46e-02
 adding    0.00000 to diagonal of the hessian
rms of search direction:  0.0004641
For alpha =    0.00000 energy =        -6.4406096778
For alpha =    1.00000 energy =        -6.4401378301
For alpha =    0.00008 energy =        -6.4406096777
ff:    17     -6.44    228.49    -47.47   -136.00      3.46    -54.92  8.39e-05
ff:    17     -9.90    228.49    -47.47   -136.00      0.00    -54.92  1.46e-02
 adding    0.00000 to diagonal of the hessian
rms of search direction:  0.0004641
For alpha =    0.00000 energy =        -6.4406096777
For alpha =    1.00000 energy =        -6.4401378302
For alpha =    0.00008 energy =        -6.4406096776
ff:    18     -6.44    228.49    -47.47   -136.00      3.46    -54.92  8.42e-05
ff:    18     -9.90    228.49    -47.47   -136.00      0.00    -54.92  1.46e-02
 adding    0.00000 to diagonal of the hessian
rms of search direction:  0.0004640
For alpha =    0.00000 energy =        -6.4406096776
For alpha =    1.00000 energy =        -6.4401378303
For alpha =    0.00008 energy =        -6.4406096775
ff:    19     -6.44    228.49    -47.47   -136.00      3.46    -54.92  8.45e-05
ff:    19     -9.90    228.49    -47.47   -136.00      0.00    -54.92  1.46e-02
 adding    0.00000 to diagonal of the hessian
rms of search direction:  0.0004640
For alpha =    0.00000 energy =        -6.4406096775
For alpha =    1.00000 energy =        -6.4401378304
For alpha =    0.00008 energy =        -6.4406096773
ff:    20     -6.44    228.49    -47.47   -136.00      3.46    -54.92  8.48e-05
ff:    20     -9.90    228.49    -47.47   -136.00      0.00    -54.92  1.46e-02
 adding    0.00000 to diagonal of the hessian
rms of search direction:  0.0004640
For alpha =    0.00000 energy =        -6.4406096773
For alpha =    1.00000 energy =        -6.4401378305
For alpha =    0.00008 energy =        -6.4406096772
ff:    21     -6.44    228.49    -47.47   -136.00      3.46    -54.92  8.51e-05
ff:    21     -9.90    228.49    -47.47   -136.00      0.00    -54.92  1.46e-02
 adding    0.00000 to diagonal of the hessian
rms of search direction:  0.0004639
For alpha =    0.00000 energy =        -6.4406096772
For alpha =    1.00000 energy =        -6.4401378307
For alpha =    0.00008 energy =        -6.4406096771
ff:    22     -6.44    228.49    -47.47   -136.00      3.46    -54.92  8.55e-05
ff:    22     -9.90    228.49    -47.47   -136.00      0.00    -54.92  1.46e-02
 adding    0.00000 to diagonal of the hessian
rms of search direction:  0.0004639
For alpha =    0.00000 energy =        -6.4406096771
For alpha =    1.00000 energy =        -6.4401378308
For alpha =    0.00008 energy =        -6.4406096770
ff:    23     -6.44    228.49    -47.47   -136.00      3.46    -54.92  8.58e-05
ff:    23     -9.90    228.49    -47.47   -136.00      0.00    -54.92  1.46e-02
 adding    0.00000 to diagonal of the hessian
rms of search direction:  0.0004639
For alpha =    0.00000 energy =        -6.4406096770
For alpha =    1.00000 energy =        -6.4401378309
For alpha =    0.00008 energy =        -6.4406096768
ff:    24     -6.44    228.49    -47.47   -136.00      3.46    -54.92  8.62e-05
ff:    24     -9.90    228.49    -47.47   -136.00      0.00    -54.92  1.46e-02
 adding    0.00000 to diagonal of the hessian
rms of search direction:  0.0004638
For alpha =    0.00000 energy =        -6.4406096768
For alpha =    1.00000 energy =        -6.4401378310
For alpha =    0.00008 energy =        -6.4406096767
ff:    25     -6.44    228.49    -47.47   -136.00      3.46    -54.92  8.66e-05
ff:    25     -9.90    228.49    -47.47   -136.00      0.00    -54.92  1.46e-02
 adding    0.00000 to diagonal of the hessian
rms of search direction:  0.0004638
For alpha =    0.00000 energy =        -6.4406096767
For alpha =    1.00000 energy =        -6.4401378311
For alpha =    0.00008 energy =        -6.4406096765
ff:    26     -6.44    228.49    -47.47   -136.00      3.46    -54.92  8.70e-05
ff:    26     -9.90    228.49    -47.47   -136.00      0.00    -54.92  1.46e-02
 adding    0.00000 to diagonal of the hessian
rms of search direction:  0.0004637
For alpha =    0.00000 energy =        -6.4406096765
For alpha =    1.00000 energy =        -6.4401378312
For alpha =    0.00008 energy =        -6.4406096764
ff:    27     -6.44    228.49    -47.47   -136.00      3.46    -54.92  8.74e-05
ff:    27     -9.90    228.49    -47.47   -136.00      0.00    -54.92  1.46e-02
 adding    0.00000 to diagonal of the hessian
rms of search direction:  0.0004637
For alpha =    0.00000 energy =        -6.4406096764
For alpha =    1.00000 energy =        -6.4401378313
For alpha =    0.00008 energy =        -6.4406096762
ff:    28     -6.44    228.49    -47.47   -136.00      3.46    -54.92  8.78e-05
ff:    28     -9.90    228.49    -47.47   -136.00      0.00    -54.92  1.46e-02
 adding    0.00000 to diagonal of the hessian
rms of search direction:  0.0004637
For alpha =    0.00000 energy =        -6.4406096762
For alpha =    1.00000 energy =        -6.4401378314
For alpha =    0.00008 energy =        -6.4406096761
ff:    29     -6.44    228.49    -47.47   -136.00      3.46    -54.92  8.82e-05
ff:    29     -9.90    228.49    -47.47   -136.00      0.00    -54.92  1.46e-02
 adding    0.00000 to diagonal of the hessian
rms of search direction:  0.0004636
For alpha =    0.00000 energy =        -6.4406096761
For alpha =    1.00000 energy =        -6.4401378315
For alpha =    0.00008 energy =        -6.4406096759
ff:    30     -6.44    228.49    -47.47   -136.00      3.46    -54.92  8.86e-05
ff:    30     -9.90    228.49    -47.47   -136.00      0.00    -54.92  1.46e-02
 adding    0.00000 to diagonal of the hessian
rms of search direction:  0.0004636
For alpha =    0.00000 energy =        -6.4406096759
For alpha =    1.00000 energy =        -6.4401378316
For alpha =    0.00008 energy =        -6.4406096757
ff:    31     -6.44    228.49    -47.47   -136.00      3.46    -54.92  8.91e-05
ff:    31     -9.90    228.49    -47.47   -136.00      0.00    -54.92  1.46e-02
 adding    0.00000 to diagonal of the hessian
rms of search direction:  0.0004636
For alpha =    0.00000 energy =        -6.4406096757
For alpha =    1.00000 energy =        -6.4401378317
For alpha =    0.00008 energy =        -6.4406096755
ff:    32     -6.44    228.49    -47.47   -136.00      3.46    -54.92  8.96e-05
ff:    32     -9.90    228.49    -47.47   -136.00      0.00    -54.92  1.46e-02
 adding    0.00000 to diagonal of the hessian
rms of search direction:  0.0004635
For alpha =    0.00000 energy =        -6.4406096755
For alpha =    1.00000 energy =        -6.4401378318
For alpha =    0.00008 energy =        -6.4406096754
ff:    33     -6.44    228.49    -47.47   -136.00      3.46    -54.92  9.00e-05
ff:    33     -9.90    228.49    -47.47   -136.00      0.00    -54.92  1.46e-02
 adding    0.00000 to diagonal of the hessian
rms of search direction:  0.0004635
For alpha =    0.00000 energy =        -6.4406096754
For alpha =    1.00000 energy =        -6.4401378319
For alpha =    0.00008 energy =        -6.4406096752
ff:    34     -6.44    228.49    -47.47   -136.00      3.46    -54.92  9.05e-05
ff:    34     -9.90    228.49    -47.47   -136.00      0.00    -54.92  1.45e-02
 adding    0.00000 to diagonal of the hessian
rms of search direction:  0.0004635
For alpha =    0.00000 energy =        -6.4406096752
For alpha =    1.00000 energy =        -6.4401378320
For alpha =    0.00008 energy =        -6.4406096750
ff:    35     -6.44    228.49    -47.47   -136.00      3.46    -54.92  9.10e-05
ff:    35     -9.90    228.49    -47.47   -136.00      0.00    -54.92  1.45e-02
 adding    0.00000 to diagonal of the hessian
rms of search direction:  0.0004634
For alpha =    0.00000 energy =        -6.4406096750
For alpha =    1.00000 energy =        -6.4401378321
For alpha =    0.00008 energy =        -6.4406096748
ff:    36     -6.44    228.49    -47.47   -136.00      3.46    -54.92  9.15e-05
ff:    36     -9.90    228.49    -47.47   -136.00      0.00    -54.92  1.45e-02
 adding    0.00000 to diagonal of the hessian
rms of search direction:  0.0004634
For alpha =    0.00000 energy =        -6.4406096748
For alpha =    1.00000 energy =        -6.4401378322
For alpha =    0.00008 energy =        -6.4406096746
ff:    37     -6.44    228.49    -47.47   -136.00      3.46    -54.92  9.20e-05
ff:    37     -9.90    228.49    -47.47   -136.00      0.00    -54.92  1.45e-02
 adding    0.00000 to diagonal of the hessian
rms of search direction:  0.0004634
For alpha =    0.00000 energy =        -6.4406096746
For alpha =    1.00000 energy =        -6.4401378323
For alpha =    0.00008 energy =        -6.4406096744
ff:    38     -6.44    228.49    -47.47   -136.00      3.46    -54.92  9.26e-05
ff:    38     -9.90    228.49    -47.47   -136.00      0.00    -54.92  1.45e-02
 adding    0.00000 to diagonal of the hessian
rms of search direction:  0.0004633
For alpha =    0.00000 energy =        -6.4406096744
For alpha =    1.00000 energy =        -6.4401378324
For alpha =    0.00008 energy =        -6.4406096741
ff:    39     -6.44    228.49    -47.47   -136.00      3.46    -54.92  9.31e-05
ff:    39     -9.90    228.49    -47.47   -136.00      0.00    -54.92  1.45e-02
 adding    0.00000 to diagonal of the hessian
rms of search direction:  0.0004633
For alpha =    0.00000 energy =        -6.4406096741
For alpha =    1.00000 energy =        -6.4401378325
For alpha =    0.00008 energy =        -6.4406096739
ff:    40     -6.44    228.49    -47.47   -136.00      3.46    -54.92  9.36e-05
ff:    40     -9.90    228.49    -47.47   -136.00      0.00    -54.92  1.45e-02
 adding    0.00000 to diagonal of the hessian
rms of search direction:  0.0004633
For alpha =    0.00000 energy =        -6.4406096739
For alpha =    1.00000 energy =        -6.4401378326
For alpha =    0.00008 energy =        -6.4406096737
ff:    41     -6.44    228.49    -47.47   -136.00      3.46    -54.92  9.42e-05
ff:    41     -9.90    228.49    -47.47   -136.00      0.00    -54.92  1.45e-02
 adding    0.00000 to diagonal of the hessian
rms of search direction:  0.0004632
For alpha =    0.00000 energy =        -6.4406096737
For alpha =    1.00000 energy =        -6.4401378328
For alpha =    0.00008 energy =        -6.4406096735
ff:    42     -6.44    228.49    -47.47   -136.00      3.46    -54.92  9.47e-05
ff:    42     -9.90    228.49    -47.47   -136.00      0.00    -54.92  1.45e-02
 adding    0.00000 to diagonal of the hessian
rms of search direction:  0.0004632
For alpha =    0.00000 energy =        -6.4406096735
For alpha =    1.00000 energy =        -6.4401378329
For alpha =    0.00008 energy =        -6.4406096732
ff:    43     -6.44    228.49    -47.47   -136.00      3.46    -54.92  9.53e-05
ff:    43     -9.90    228.49    -47.47   -136.00      0.00    -54.92  1.45e-02
 adding    0.00000 to diagonal of the hessian
rms of search direction:  0.0004632
For alpha =    0.00000 energy =        -6.4406096732
For alpha =    1.00000 energy =        -6.4401378330
For alpha =    0.00008 energy =        -6.4406096730
ff:    44     -6.44    228.49    -47.47   -136.00      3.46    -54.92  9.59e-05
ff:    44     -9.90    228.49    -47.47   -136.00      0.00    -54.92  1.45e-02
 adding    0.00000 to diagonal of the hessian
rms of search direction:  0.0004631
For alpha =    0.00000 energy =        -6.4406096730
For alpha =    1.00000 energy =        -6.4401378331
For alpha =    0.00008 energy =        -6.4406096727
ff:    45     -6.44    228.49    -47.47   -136.00      3.46    -54.92  9.65e-05
ff:    45     -9.90    228.49    -47.47   -136.00      0.00    -54.92  1.45e-02
 adding    0.00000 to diagonal of the hessian
rms of search direction:  0.0004631
For alpha =    0.00000 energy =        -6.4406096727
For alpha =    1.00000 energy =        -6.4401378332
For alpha =    0.00008 energy =        -6.4406096725
ff:    46     -6.44    228.49    -47.47   -136.00      3.46    -54.92  9.71e-05
ff:    46     -9.90    228.49    -47.47   -136.00      0.00    -54.92  1.45e-02
 adding    0.00000 to diagonal of the hessian
rms of search direction:  0.0004630
For alpha =    0.00000 energy =        -6.4406096725
For alpha =    1.00000 energy =        -6.4401378333
For alpha =    0.00008 energy =        -6.4406096722
ff:    47     -6.44    228.49    -47.47   -136.00      3.46    -54.92  9.77e-05
ff:    47     -9.90    228.49    -47.47   -136.00      0.00    -54.92  1.45e-02
 adding    0.00000 to diagonal of the hessian
rms of search direction:  0.0004630
For alpha =    0.00000 energy =        -6.4406096722
For alpha =    1.00000 energy =        -6.4401378334
For alpha =    0.00008 energy =        -6.4406096720
ff:    48     -6.44    228.49    -47.47   -136.00      3.46    -54.92  9.83e-05
ff:    48     -9.90    228.49    -47.47   -136.00      0.00    -54.92  1.45e-02
 adding    0.00000 to diagonal of the hessian
rms of search direction:  0.0004630
For alpha =    0.00000 energy =        -6.4406096720
For alpha =    1.00000 energy =        -6.4401378335
For alpha =    0.00008 energy =        -6.4406096717
ff:    49     -6.44    228.49    -47.47   -136.00      3.46    -54.92  9.89e-05
ff:    49     -9.90    228.49    -47.47   -136.00      0.00    -54.92  1.45e-02
 adding    0.00000 to diagonal of the hessian
rms of search direction:  0.0004629
For alpha =    0.00000 energy =        -6.4406096717
For alpha =    1.00000 energy =        -6.4401378336
For alpha =    0.00008 energy =        -6.4406096714
ff:    50     -6.44    228.49    -47.47   -136.00      3.46    -54.92  9.96e-05
ff:    50     -9.90    228.49    -47.47   -136.00      0.00    -54.92  1.45e-02
 adding    0.00000 to diagonal of the hessian
rms of search direction:  0.0004629
For alpha =    0.00000 energy =        -6.4406096714
For alpha =    1.00000 energy =        -6.4401378337
For alpha =    0.00008 energy =        -6.4406096711
ff:    51     -6.44    228.49    -47.47   -136.00      3.46    -54.92  1.00e-04
ff:    51     -9.90    228.49    -47.47   -136.00      0.00    -54.92  1.45e-02
 adding    0.00000 to diagonal of the hessian
rms of search direction:  0.0004629
For alpha =    0.00000 energy =        -6.4406096711
For alpha =    1.00000 energy =        -6.4401378338
For alpha =    0.00008 energy =        -6.4406096709
ff:    52     -6.44    228.49    -47.47   -136.00      3.46    -54.92  1.01e-04
ff:    52     -9.90    228.49    -47.47   -136.00      0.00    -54.92  1.45e-02
 adding    0.00000 to diagonal of the hessian
rms of search direction:  0.0004628
For alpha =    0.00000 energy =        -6.4406096709
For alpha =    1.00000 energy =        -6.4401378339
For alpha =    0.00008 energy =        -6.4406096706
ff:    53     -6.44    228.49    -47.47   -136.00      3.46    -54.92  1.02e-04
ff:    53     -9.90    228.49    -47.47   -136.00      0.00    -54.92  1.45e-02
 adding    0.00000 to diagonal of the hessian
rms of search direction:  0.0004628
For alpha =    0.00000 energy =        -6.4406096706
For alpha =    1.00000 energy =        -6.4401378340
For alpha =    0.00008 energy =        -6.4406096703
ff:    54     -6.44    228.49    -47.47   -136.00      3.46    -54.92  1.02e-04
ff:    54     -9.90    228.49    -47.47   -136.00      0.00    -54.92  1.45e-02
 adding    0.00000 to diagonal of the hessian
rms of search direction:  0.0004628
For alpha =    0.00000 energy =        -6.4406096703
For alpha =    1.00000 energy =        -6.4401378341
For alpha =    0.00008 energy =        -6.4406096700
ff:    55     -6.44    228.49    -47.47   -136.00      3.46    -54.92  1.03e-04
ff:    55     -9.90    228.49    -47.47   -136.00      0.00    -54.92  1.45e-02
 adding    0.00000 to diagonal of the hessian
rms of search direction:  0.0004627
For alpha =    0.00000 energy =        -6.4406096700
For alpha =    1.00000 energy =        -6.4401378342
For alpha =    0.00008 energy =        -6.4406096697
ff:    56     -6.44    228.49    -47.47   -136.00      3.46    -54.92  1.04e-04
ff:    56     -9.90    228.49    -47.47   -136.00      0.00    -54.92  1.45e-02
 adding    0.00000 to diagonal of the hessian
rms of search direction:  0.0004627
For alpha =    0.00000 energy =        -6.4406096697
For alpha =    1.00000 energy =        -6.4401378343
For alpha =    0.00008 energy =        -6.4406096693
ff:    57     -6.44    228.49    -47.47   -136.00      3.46    -54.92  1.04e-04
ff:    57     -9.90    228.49    -47.47   -136.00      0.00    -54.92  1.45e-02
 adding    0.00000 to diagonal of the hessian
rms of search direction:  0.0004627
For alpha =    0.00000 energy =        -6.4406096693
For alpha =    1.00000 energy =        -6.4401378344
For alpha =    0.00008 energy =        -6.4406096690
ff:    58     -6.44    228.49    -47.47   -136.00      3.46    -54.92  1.05e-04
ff:    58     -9.90    228.49    -47.47   -136.00      0.00    -54.92  1.45e-02
 adding    0.00000 to diagonal of the hessian
rms of search direction:  0.0004626
For alpha =    0.00000 energy =        -6.4406096690
For alpha =    1.00000 energy =        -6.4401378345
For alpha =    0.00008 energy =        -6.4406096687
ff:    59     -6.44    228.49    -47.47   -136.00      3.46    -54.92  1.06e-04
ff:    59     -9.90    228.49    -47.47   -136.00      0.00    -54.92  1.45e-02
 adding    0.00000 to diagonal of the hessian
rms of search direction:  0.0004626
For alpha =    0.00000 energy =        -6.4406096687
For alpha =    1.00000 energy =        -6.4401378346
For alpha =    0.00008 energy =        -6.4406096684
ff:    60     -6.44    228.49    -47.47   -136.00      3.46    -54.92  1.06e-04
ff:    60     -9.90    228.49    -47.47   -136.00      0.00    -54.92  1.45e-02
 adding    0.00000 to diagonal of the hessian
rms of search direction:  0.0004626
For alpha =    0.00000 energy =        -6.4406096684
For alpha =    1.00000 energy =        -6.4401378347
For alpha =    0.00008 energy =        -6.4406096680
      iter    Total       bad      vdW     elect   nonpolar   genBorn      frms
ff:     1     -9.90    228.49    -47.47   -136.00      0.00    -54.92  1.45e-02

Energy       =    -9.8979641154e+00
RMS gradient =     1.4520033884e-02

                - Thermochemistry -

Temperature:   298.150
   Pressure:     1.000
       Mass:  1163.036
Principal moments of inertia in amu-A**2:
         19863.78    19864.65    31807.34
Rotational symmetry number is  1
Assuming classical behavior for rotation
Rotational temperatures:    0.001     0.001     0.001
found 3 imaginary frequencies
Zero-point vibrational energy:    593.099

             freq.         E               Cv              S
            cm**-1       kcal/mol       cal/mol-K     cal/mol-K
Total:                   619.155        246.754        293.967
translational:             0.888          2.979         47.000
rotational:                0.888          2.979         41.537
vibrational:             627.277        240.796        205.430
ff   energy:              -9.898
     1       -1.487
     2       -1.485
     3       -1.176
     4       -0.000
     5       -0.000
     6        0.000
     7       19.131
     8       19.134
     9       28.514
    10       28.517        0.593          1.983          5.925
    11       52.235        0.595          1.975          4.726
    12       52.241        0.595          1.975          4.726
    13       56.001        0.596          1.974          4.589
    14       56.005        0.596          1.974          4.589
    15       63.598        0.597          1.970          4.338
    16       63.602        0.597          1.970          4.338
    17       70.652        0.598          1.967          4.131
    18       70.654        0.598          1.967          4.131
    19       76.747        0.599          1.963          3.968
    20       95.962        0.603          1.951          3.531
    21       96.470        0.603          1.950          3.521
    22       96.478        0.603          1.950          3.520
    23      108.096        0.605          1.941          3.299
    24      108.106        0.605          1.941          3.299
    25      111.396        0.606          1.939          3.241
    26      111.404        0.606          1.939          3.241
    27      117.470        0.608          1.933          3.138
    28      117.483        0.608          1.933          3.138
    29      141.230        0.615          1.911          2.784
    30      141.264        0.615          1.911          2.783
    31      153.389        0.619          1.898          2.627
    32      180.786        0.629          1.864          2.317
    33      180.822        0.629          1.864          2.317
    34      182.317        0.630          1.862          2.302
    35      182.393        0.630          1.862          2.301
    36      189.109        0.633          1.853          2.234
    37      189.162        0.633          1.853          2.233
    38      201.451        0.638          1.836          2.117
    39      201.580        0.638          1.836          2.116
    40      217.338        0.645          1.813          1.979
    41      217.526        0.646          1.813          1.977
    42      225.960        0.650          1.800          1.908
    43      237.277        0.655          1.782          1.821
    44      237.312        0.656          1.782          1.820
    45      243.507        0.659          1.772          1.775
    46      243.532        0.659          1.772          1.774
    47      251.310        0.663          1.759          1.719
    48      251.375        0.663          1.759          1.718
    49      252.078        0.663          1.758          1.714
    50      252.217        0.664          1.758          1.713
    51      259.010        0.667          1.746          1.666
    52      259.027        0.667          1.746          1.666
    53      261.130        0.669          1.742          1.652
    54      261.147        0.669          1.742          1.652
    55      268.442        0.673          1.730          1.604
    56      268.456        0.673          1.730          1.604
    57      271.151        0.674          1.725          1.587
    58      271.344        0.674          1.725          1.585
    59      276.830        0.678          1.715          1.551
    60      277.049        0.678          1.714          1.550
    61      277.776        0.678          1.713          1.545
    62      277.972        0.678          1.713          1.544
    63      282.050        0.681          1.705          1.519
    64      320.641        0.706          1.632          1.305
    65      320.698        0.706          1.632          1.304
    66      335.699        0.716          1.603          1.231
    67      335.830        0.717          1.602          1.230
    68      352.048        0.728          1.569          1.155
    69      352.059        0.728          1.569          1.155
    70      358.155        0.733          1.557          1.128
    71      366.007        0.739          1.541          1.095
    72      374.787        0.746          1.522          1.058
    73      375.219        0.746          1.521          1.057
    74      376.897        0.747          1.518          1.050
    75      377.027        0.747          1.517          1.049
    76      377.092        0.747          1.517          1.049
    77      377.189        0.747          1.517          1.049
    78      383.319        0.752          1.504          1.024
    79      393.598        0.760          1.482          0.985
    80      393.605        0.760          1.482          0.985
    81      396.148        0.763          1.477          0.975
    82      396.250        0.763          1.477          0.975
    83      396.854        0.763          1.475          0.973
    84      399.662        0.765          1.469          0.962
    85      399.737        0.765          1.469          0.962
    86      407.301        0.772          1.453          0.935
    87      407.336        0.772          1.453          0.934
    88      418.220        0.781          1.429          0.896
    89      418.376        0.781          1.429          0.896
    90      428.126        0.789          1.407          0.863
    91      442.000        0.801          1.377          0.819
    92      442.223        0.802          1.376          0.818
    93      446.918        0.806          1.366          0.804
    94      447.097        0.806          1.366          0.803
    95      480.162        0.836          1.292          0.708
    96      480.383        0.837          1.292          0.708
    97      526.259        0.881          1.190          0.594
    98      526.274        0.881          1.190          0.594
    99      527.586        0.882          1.187          0.591
   100      527.626        0.882          1.187          0.591
   101      567.194        0.923          1.101          0.509
   102      567.290        0.923          1.100          0.508
   103      592.742        0.950          1.046          0.461
   104      592.815        0.950          1.045          0.461
   105      601.259        0.959          1.028          0.446
   106      609.493        0.968          1.010          0.433
   107      609.653        0.968          1.010          0.432
   108      619.731        0.980          0.989          0.416
   109      620.171        0.980          0.988          0.415
   110      623.313        0.984          0.981          0.410
   111      625.393        0.986          0.977          0.407
   112      625.855        0.986          0.976          0.406
   113      644.904        1.008          0.937          0.378
   114      645.257        1.008          0.936          0.377
   115      646.031        1.009          0.934          0.376
   116      646.396        1.009          0.934          0.375
   117      646.834        1.010          0.933          0.375
   118      647.216        1.010          0.932          0.374
   119      649.388        1.013          0.928          0.371
   120      649.562        1.013          0.927          0.371
   121      650.132        1.014          0.926          0.370
   122      651.183        1.015          0.924          0.369
   123      652.103        1.016          0.922          0.367
   124      658.478        1.023          0.909          0.358
   125      660.194        1.025          0.906          0.356
   126      668.880        1.035          0.888          0.344
   127      668.909        1.035          0.888          0.344
   128      671.800        1.038          0.883          0.340
   129      679.071        1.047          0.868          0.331
   130      682.377        1.051          0.862          0.327
   131      685.431        1.054          0.856          0.323
   132      686.019        1.055          0.855          0.322
   133      688.209        1.057          0.850          0.320
   134      688.510        1.058          0.850          0.319
   135      690.179        1.060          0.847          0.317
   136      691.239        1.061          0.845          0.316
   137      701.356        1.073          0.825          0.304
   138      701.753        1.073          0.824          0.303
   139      704.196        1.076          0.820          0.300
   140      704.287        1.076          0.820          0.300
   141      729.285        1.106          0.773          0.272
   142      730.940        1.108          0.770          0.271
   143      731.844        1.109          0.768          0.270
   144      732.183        1.110          0.767          0.269
   145      740.970        1.120          0.751          0.260
   146      741.827        1.121          0.750          0.259
   147      744.935        1.125          0.744          0.256
   148      753.576        1.135          0.729          0.248
   149      754.664        1.137          0.727          0.247
   150      771.042        1.157          0.698          0.232
   151      772.162        1.158          0.696          0.231
   152      789.359        1.180          0.667          0.216
   153      790.221        1.181          0.666          0.215
   154      800.981        1.194          0.648          0.206
   155      804.301        1.198          0.642          0.203
   156      804.835        1.199          0.641          0.203
   157      806.925        1.201          0.638          0.201
   158      807.592        1.202          0.637          0.201
   159      811.515        1.207          0.631          0.198
   160      811.634        1.207          0.630          0.197
   161      814.275        1.211          0.626          0.195
   162      858.994        1.267          0.557          0.164
   163      859.871        1.269          0.556          0.163
   164      862.499        1.272          0.552          0.162
   165      872.266        1.285          0.538          0.155
   166      872.724        1.285          0.537          0.155
   167      888.249        1.305          0.515          0.146
   168      890.481        1.308          0.512          0.145
   169      890.572        1.308          0.512          0.144
   170      892.664        1.311          0.509          0.143
   171      892.996        1.311          0.508          0.143
   172      910.145        1.334          0.485          0.134
   173      910.270        1.334          0.485          0.134
   174      917.643        1.344          0.475          0.130
   175      917.864        1.344          0.475          0.130
   176      922.077        1.349          0.469          0.127
   177      922.517        1.350          0.469          0.127
   178      923.146        1.351          0.468          0.127
   179      923.441        1.351          0.468          0.127
   180      923.995        1.352          0.467          0.126
   181      928.598        1.358          0.461          0.124
   182      928.603        1.358          0.461          0.124
   183      947.197        1.382          0.438          0.115
   184      951.568        1.388          0.432          0.113
   185      952.001        1.389          0.432          0.113
   186      958.834        1.398          0.423          0.110
   187      959.219        1.398          0.423          0.110
   188      963.608        1.404          0.418          0.108
   189      963.746        1.404          0.418          0.108
   190     1010.337        1.467          0.365          0.089
   191     1010.361        1.467          0.365          0.089
   192     1018.764        1.478          0.356          0.086
   193     1018.794        1.478          0.356          0.086
   194     1024.783        1.486          0.350          0.084
   195     1024.790        1.486          0.350          0.084
   196     1026.860        1.489          0.348          0.084
   197     1036.264        1.502          0.338          0.080
   198     1036.311        1.502          0.338          0.080
   199     1045.507        1.514          0.329          0.078
   200     1045.594        1.514          0.329          0.078
   201     1063.009        1.538          0.312          0.072
   202     1063.062        1.538          0.312          0.072
   203     1074.497        1.553          0.302          0.069
   204     1074.512        1.553          0.302          0.069
   205     1077.792        1.558          0.299          0.068
   206     1080.905        1.562          0.296          0.067
   207     1080.937        1.562          0.296          0.067
   208     1086.932        1.570          0.290          0.066
   209     1086.956        1.570          0.290          0.065
   210     1089.038        1.573          0.289          0.065
   211     1091.101        1.576          0.287          0.064
   212     1104.142        1.594          0.276          0.061
   213     1104.157        1.594          0.276          0.061
   214     1118.607        1.614          0.264          0.058
   215     1118.614        1.614          0.264          0.058
   216     1127.651        1.626          0.256          0.055
   217     1127.654        1.626          0.256          0.055
   218     1135.060        1.636          0.250          0.054
   219     1135.063        1.636          0.250          0.054
   220     1138.798        1.641          0.248          0.053
   221     1138.805        1.641          0.248          0.053
   222     1145.294        1.650          0.243          0.052
   223     1145.298        1.650          0.243          0.052
   224     1149.116        1.656          0.240          0.051
   225     1178.133        1.696          0.219          0.045
   226     1178.136        1.696          0.219          0.045
   227     1184.198        1.704          0.215          0.044
   228     1184.202        1.704          0.215          0.044
   229     1191.916        1.715          0.209          0.043
   230     1191.916        1.715          0.209          0.043
   231     1195.764        1.720          0.207          0.042
   232     1205.627        1.734          0.201          0.040
   233     1209.325        1.739          0.198          0.040
   234     1209.369        1.739          0.198          0.040
   235     1216.196        1.749          0.194          0.039
   236     1216.248        1.749          0.194          0.038
   237     1220.843        1.755          0.191          0.038
   238     1220.866        1.755          0.191          0.038
   239     1256.516        1.805          0.170          0.033
   240     1263.345        1.814          0.166          0.032
   241     1263.369        1.814          0.166          0.032
   242     1278.614        1.836          0.158          0.030
   243     1278.644        1.836          0.158          0.030
   244     1283.461        1.842          0.156          0.029
   245     1285.710        1.846          0.155          0.029
   246     1285.768        1.846          0.155          0.029
   247     1290.155        1.852          0.152          0.028
   248     1290.230        1.852          0.152          0.028
   249     1292.780        1.855          0.151          0.028
   250     1292.796        1.855          0.151          0.028
   251     1293.144        1.856          0.151          0.028
   252     1293.178        1.856          0.151          0.028
   253     1334.035        1.913          0.132          0.024
   254     1334.036        1.913          0.132          0.024
   255     1342.228        1.925          0.128          0.023
   256     1342.235        1.925          0.128          0.023
   257     1348.594        1.934          0.125          0.022
   258     1348.602        1.934          0.125          0.022
   259     1350.615        1.937          0.125          0.022
   260     1395.161        1.999          0.107          0.018
   261     1397.966        2.003          0.106          0.018
   262     1398.048        2.003          0.106          0.018
   263     1398.987        2.005          0.106          0.018
   264     1401.470        2.008          0.105          0.018
   265     1401.546        2.008          0.105          0.018
   266     1403.274        2.011          0.104          0.018
   267     1403.353        2.011          0.104          0.018
   268     1406.102        2.015          0.103          0.017
   269     1406.128        2.015          0.103          0.017
   270     1406.274        2.015          0.103          0.017
   271     1406.348        2.015          0.103          0.017
   272     1408.873        2.019          0.102          0.017
   273     1408.896        2.019          0.102          0.017
   274     1417.467        2.031          0.099          0.017
   275     1418.415        2.032          0.099          0.017
   276     1418.421        2.032          0.099          0.017
   277     1420.175        2.035          0.098          0.016
   278     1421.657        2.037          0.098          0.016
   279     1421.690        2.037          0.098          0.016
   280     1422.130        2.037          0.098          0.016
   281     1422.156        2.037          0.098          0.016
   282     1425.398        2.042          0.097          0.016
   283     1425.423        2.042          0.097          0.016
   284     1429.850        2.048          0.095          0.016
   285     1429.948        2.048          0.095          0.016
   286     1443.087        2.067          0.091          0.015
   287     1443.223        2.067          0.091          0.015
   288     1462.200        2.094          0.085          0.014
   289     1462.354        2.094          0.085          0.014
   290     1467.486        2.102          0.084          0.013
   291     1468.516        2.103          0.083          0.013
   292     1468.546        2.103          0.083          0.013
   293     1470.232        2.105          0.083          0.013
   294     1470.391        2.106          0.083          0.013
   295     1472.190        2.108          0.082          0.013
   296     1472.228        2.108          0.082          0.013
   297     1473.748        2.110          0.082          0.013
   298     1473.841        2.111          0.082          0.013
   299     1474.559        2.112          0.081          0.013
   300     1477.766        2.116          0.081          0.013
   301     1477.779        2.116          0.081          0.013
   302     1512.152        2.165          0.071          0.011
   303     1512.162        2.165          0.071          0.011
   304     1513.780        2.167          0.071          0.011
   305     1513.805        2.167          0.071          0.011
   306     1515.653        2.170          0.071          0.011
   307     1515.675        2.170          0.071          0.011
   308     1516.412        2.171          0.070          0.011
   309     1520.541        2.177          0.069          0.011
   310     1520.562        2.177          0.069          0.011
   311     1529.332        2.189          0.067          0.010
   312     1529.369        2.189          0.067          0.010
   313     1537.371        2.201          0.065          0.010
   314     1537.394        2.201          0.065          0.010
   315     1540.366        2.205          0.065          0.010
   316     1542.309        2.208          0.064          0.010
   317     1542.315        2.208          0.064          0.010
   318     1545.077        2.211          0.064          0.010
   319     1545.092        2.211          0.064          0.010
   320     1548.609        2.216          0.063          0.010
   321     1548.622        2.217          0.063          0.010
   322     1550.194        2.219          0.062          0.009
   323     1700.935        2.433          0.036          0.005
   324     1700.935        2.433          0.036          0.005
   325     1702.420        2.435          0.036          0.005
   326     1702.420        2.435          0.036          0.005
   327     1704.279        2.438          0.036          0.005
   328     1704.279        2.438          0.036          0.005
   329     1704.540        2.438          0.036          0.005
   330     1704.541        2.438          0.036          0.005
   331     1705.113        2.439          0.036          0.005
   332     1706.261        2.441          0.036          0.005
   333     1706.261        2.441          0.036          0.005
   334     1708.383        2.444          0.035          0.005
   335     1708.383        2.444          0.035          0.005
   336     1709.324        2.445          0.035          0.005
   337     2910.328        4.161          0.000          0.000
   338     2910.334        4.161          0.000          0.000
   339     2910.334        4.161          0.000          0.000
   340     2910.358        4.161          0.000          0.000
   341     2910.358        4.161          0.000          0.000
   342     2910.379        4.161          0.000          0.000
   343     2910.379        4.161          0.000          0.000
   344     2913.241        4.165          0.000          0.000
   345     2913.241        4.165          0.000          0.000
   346     2913.245        4.165          0.000          0.000
   347     2913.245        4.165          0.000          0.000
   348     2913.251        4.165          0.000          0.000
   349     2913.251        4.165          0.000          0.000
   350     2913.254        4.165          0.000          0.000
   351     2935.147        4.196          0.000          0.000
   352     2935.152        4.196          0.000          0.000
   353     2935.152        4.196          0.000          0.000
   354     2935.152        4.196          0.000          0.000
   355     2935.153        4.196          0.000          0.000
   356     2935.153        4.196          0.000          0.000
   357     2935.157        4.196          0.000          0.000
   358     2935.157        4.196          0.000          0.000
   359     2935.160        4.196          0.000          0.000
   360     2935.160        4.196          0.000          0.000
   361     2935.168        4.196          0.000          0.000
   362     2935.168        4.196          0.000          0.000
   363     2935.180        4.196          0.000          0.000
   364     2935.181        4.196          0.000          0.000
   365     3014.506        4.310          0.000          0.000
   366     3014.506        4.310          0.000          0.000
   367     3014.521        4.310          0.000          0.000
   368     3014.522        4.310          0.000          0.000
   369     3014.541        4.310          0.000          0.000
   370     3014.541        4.310          0.000          0.000
   371     3014.550        4.310          0.000          0.000
   372     3014.657        4.310          0.000          0.000
   373     3014.657        4.310          0.000          0.000
   374     3014.673        4.310          0.000          0.000
   375     3014.674        4.310          0.000          0.000
   376     3014.694        4.310          0.000          0.000
   377     3014.695        4.310          0.000          0.000
   378     3014.704        4.310          0.000          0.000
